# JRE version: Java(TM) SE Runtime Environment (8.0_101-b13) (build 1.8.0_101-b13)
# Java VM: Java HotSpot(TM) 64-Bit Server VM (25.101-b13 mixed mode windows-amd64 compressed oops)
Heap:
 PSYoungGen      total 18432K, used 1073K [0x00000000eab00000, 0x00000000ebf80000, 0x0000000100000000)
  eden space 15872K, 6% used [0x00000000eab00000,0x00000000eac0c688,0x00000000eba80000)
  from space 2560K, 0% used [0x00000000eba80000,0x00000000eba80000,0x00000000ebd00000)
  to   space 2560K, 0% used [0x00000000ebd00000,0x00000000ebd00000,0x00000000ebf80000)
 ParOldGen       total 32768K, used 2065K [0x00000000c0000000, 0x00000000c2000000, 0x00000000eab00000)
  object space 32768K, 6% used [0x00000000c0000000,0x00000000c02045b0,0x00000000c2000000)
 Metaspace       used 4680K, capacity 5744K, committed 6016K, reserved 1058816K
  class space    used 511K, capacity 552K, committed 640K, reserved 1048576K
GC Heap History (4 events):
Event: 1.742 GC heap before
{Heap before GC invocations=1 (full 0):
 PSYoungGen      total 18432K, used 9212K [0x00000000eab00000, 0x00000000ebf80000, 0x0000000100000000)
  eden space 15872K, 58% used [0x00000000eab00000,0x00000000eb3ff2b0,0x00000000eba80000)
  from space 2560K, 0% used [0x00000000ebd00000,0x00000000ebd00000,0x00000000ebf80000)
  to   space 2560K, 0% used [0x00000000eba80000,0x00000000eba80000,0x00000000ebd00000)
 ParOldGen       total 42496K, used 0K [0x00000000c0000000, 0x00000000c2980000, 0x00000000eab00000)
  object space 42496K, 0% used [0x00000000c0000000,0x00000000c0000000,0x00000000c2980000)
 Metaspace       used 4546K, capacity 5584K, committed 5760K, reserved 1060864K
  class space    used 500K, capacity 520K, committed 640K, reserved 1048576K
Event: 1.746 GC heap after
Heap after GC invocations=1 (full 0):
 PSYoungGen      total 18432K, used 2207K [0x00000000eab00000, 0x00000000ebf80000, 0x0000000100000000)
  eden space 15872K, 0% used [0x00000000eab00000,0x00000000eab00000,0x00000000eba80000)
  from space 2560K, 86% used [0x00000000eba80000,0x00000000ebca7f68,0x00000000ebd00000)
  to   space 2560K, 0% used [0x00000000ebd00000,0x00000000ebd00000,0x00000000ebf80000)
 ParOldGen       total 42496K, used 8K [0x00000000c0000000, 0x00000000c2980000, 0x00000000eab00000)
  object space 42496K, 0% used [0x00000000c0000000,0x00000000c0002000,0x00000000c2980000)
 Metaspace       used 4546K, capacity 5584K, committed 5760K, reserved 1060864K
  class space    used 500K, capacity 520K, committed 640K, reserved 1048576K
}
Event: 1.746 GC heap before
{Heap before GC invocations=2 (full 1):
 PSYoungGen      total 18432K, used 2207K [0x00000000eab00000, 0x00000000ebf80000, 0x0000000100000000)
  eden space 15872K, 0% used [0x00000000eab00000,0x00000000eab00000,0x00000000eba80000)
  from space 2560K, 86% used [0x00000000eba80000,0x00000000ebca7f68,0x00000000ebd00000)
  to   space 2560K, 0% used [0x00000000ebd00000,0x00000000ebd00000,0x00000000ebf80000)
 ParOldGen       total 42496K, used 8K [0x00000000c0000000, 0x00000000c2980000, 0x00000000eab00000)
  object space 42496K, 0% used [0x00000000c0000000,0x00000000c0002000,0x00000000c2980000)
 Metaspace       used 4546K, capacity 5584K, committed 5760K, reserved 1060864K
  class space    used 500K, capacity 520K, committed 640K, reserved 1048576K
Event: 1.780 GC heap after
Heap after GC invocations=2 (full 1):
 PSYoungGen      total 18432K, used 0K [0x00000000eab00000, 0x00000000ebf80000, 0x0000000100000000)
  eden space 15872K, 0% used [0x00000000eab00000,0x00000000eab00000,0x00000000eba80000)
  from space 2560K, 0% used [0x00000000eba80000,0x00000000eba80000,0x00000000ebd00000)
  to   space 2560K, 0% used [0x00000000ebd00000,0x00000000ebd00000,0x00000000ebf80000)
 ParOldGen       total 32768K, used 2065K [0x00000000c0000000, 0x00000000c2000000, 0x00000000eab00000)
  object space 32768K, 6% used [0x00000000c0000000,0x00000000c02045b0,0x00000000c2000000)
 Metaspace       used 4546K, capacity 5584K, committed 5760K, reserved 1058816K
  class space    used 500K, capacity 520K, committed 640K, reserved 1048576K
}

